0 info it worked if it ends with ok
1 verbose cli [ 'c:\\Program Files\\nodejs\\node.exe',
1 verbose cli   'c:\\Program Files\\nodejs\\node_modules\\npm\\bin\\npm-cli.js',
1 verbose cli   'install' ]
2 info using npm@1.4.28
3 info using node@v0.10.33
4 warn package.json ria2014@0.0.1 No repository field.
5 verbose readDependencies using package.json deps
6 verbose install where, deps [ 'c:\\Users\\Sofia\\documents\\ria',
6 verbose install   [ 'react',
6 verbose install     'gulp',
6 verbose install     'gulp-jshint',
6 verbose install     'jshint-stylish',
6 verbose install     'gulp-react',
6 verbose install     'gulp-browserify',
6 verbose install     'gulp-concat',
6 verbose install     'firebase',
6 verbose install     'react-tools',
6 verbose install     'react-radio-group',
6 verbose install     'reactify',
6 verbose install     'reactfire',
6 verbose install     'react-router',
6 verbose install     'lodash',
6 verbose install     'reflux',
6 verbose install     'gulp-jest',
6 verbose install     'folder-toc',
6 verbose install     'gulp-docco' ] ]
7 info preinstall ria2014@0.0.1
8 verbose readDependencies using package.json deps
9 verbose already installed skipping react@0.12.0 c:\Users\Sofia\documents\ria
10 verbose already installed skipping gulp@3.8.10 c:\Users\Sofia\documents\ria
11 verbose already installed skipping gulp-jshint@^1.9.0 c:\Users\Sofia\documents\ria
12 verbose already installed skipping jshint-stylish@^1.0.0 c:\Users\Sofia\documents\ria
13 verbose already installed skipping gulp-react@^2.0.0 c:\Users\Sofia\documents\ria
14 verbose already installed skipping gulp-browserify@0.5.0 c:\Users\Sofia\documents\ria
15 verbose already installed skipping gulp-concat@2.4.1 c:\Users\Sofia\documents\ria
16 verbose already installed skipping firebase@2.0.2 c:\Users\Sofia\documents\ria
17 verbose already installed skipping react-tools@0.12.1 c:\Users\Sofia\documents\ria
18 verbose cache add [ 'react-radio-group@0.1.2', null ]
19 verbose cache add name=undefined spec="react-radio-group@0.1.2" args=["react-radio-group@0.1.2",null]
20 verbose parsed url { protocol: null,
20 verbose parsed url   slashes: null,
20 verbose parsed url   auth: null,
20 verbose parsed url   host: null,
20 verbose parsed url   port: null,
20 verbose parsed url   hostname: null,
20 verbose parsed url   hash: null,
20 verbose parsed url   search: null,
20 verbose parsed url   query: null,
20 verbose parsed url   pathname: 'react-radio-group@0.1.2',
20 verbose parsed url   path: 'react-radio-group@0.1.2',
20 verbose parsed url   href: 'react-radio-group@0.1.2' }
21 verbose already installed skipping reactify@0.15.2 c:\Users\Sofia\documents\ria
22 verbose already installed skipping reactfire@0.3.0 c:\Users\Sofia\documents\ria
23 verbose already installed skipping react-router@^0.11.1 c:\Users\Sofia\documents\ria
24 verbose already installed skipping lodash@* c:\Users\Sofia\documents\ria
25 verbose already installed skipping reflux@^0.1.15 c:\Users\Sofia\documents\ria
26 verbose already installed skipping gulp-jest@0.2.2 c:\Users\Sofia\documents\ria
27 verbose cache add name="react-radio-group" spec="0.1.2" args=["react-radio-group","0.1.2"]
28 verbose parsed url { protocol: null,
28 verbose parsed url   slashes: null,
28 verbose parsed url   auth: null,
28 verbose parsed url   host: null,
28 verbose parsed url   port: null,
28 verbose parsed url   hostname: null,
28 verbose parsed url   hash: null,
28 verbose parsed url   search: null,
28 verbose parsed url   query: null,
28 verbose parsed url   pathname: '0.1.2',
28 verbose parsed url   path: '0.1.2',
28 verbose parsed url   href: '0.1.2' }
29 verbose addNamed [ 'react-radio-group', '0.1.2' ]
30 verbose addNamed [ '0.1.2', '0.1.2' ]
31 silly lockFile 6bf935ef-react-radio-group-0-1-2 react-radio-group@0.1.2
32 verbose lock react-radio-group@0.1.2 C:\Users\Sofia\AppData\Roaming\npm-cache\6bf935ef-react-radio-group-0-1-2.lock
33 verbose registry.get https://registry.npmjs.org/react-radio-group not expired, no request
34 silly lockFile 6bf935ef-react-radio-group-0-1-2 react-radio-group@0.1.2
35 silly lockFile 6bf935ef-react-radio-group-0-1-2 react-radio-group@0.1.2
36 verbose already installed skipping folder-toc@0.1.0 c:\Users\Sofia\documents\ria
37 verbose already installed skipping gulp-docco@0.0.4 c:\Users\Sofia\documents\ria
38 error Error: version not found: react-radio-group@0.1.2
38 error     at c:\Program Files\nodejs\node_modules\npm\lib\cache\add-named.js:125:12
38 error     at RegClient.get_ (c:\Program Files\nodejs\node_modules\npm\node_modules\npm-registry-client\lib\get.js:130:14)
38 error     at RegClient.<anonymous> (c:\Program Files\nodejs\node_modules\npm\node_modules\npm-registry-client\lib\get.js:49:12)
38 error     at evalmachine.<anonymous>:271:14
38 error     at c:\Program Files\nodejs\node_modules\npm\node_modules\graceful-fs\graceful-fs.js:102:5
38 error     at Object.oncomplete (evalmachine.<anonymous>:107:15)
39 error If you need help, you may report this *entire* log,
39 error including the npm and node versions, at:
39 error     <http://github.com/npm/npm/issues>
40 error System Windows_NT 6.1.7601
41 error command "c:\\Program Files\\nodejs\\node.exe" "c:\\Program Files\\nodejs\\node_modules\\npm\\bin\\npm-cli.js" "install"
42 error cwd c:\Users\Sofia\documents\ria
43 error node -v v0.10.33
44 error npm -v 1.4.28
45 verbose exit [ 1, true ]
